<?xml version="1.0" encoding="UTF-8"?>
<testsuite xmlns:xsi="http://www.w3.org/2001/XMLSchema-instance" xsi:noNamespaceSchemaLocation="https://maven.apache.org/surefire/maven-surefire-plugin/xsd/surefire-test-report-3.0.xsd" version="3.0" name="com.codegroup.portfolio.service.ClassificacaoRiscoServiceTest" time="0.126" tests="9" errors="0" skipped="0" failures="0">
  <properties>
[...]
</properties>
  <testcase name="deveClassificarComoMedioQuandoOrcamentoEntre100001E500000" classname="com.codegroup.portfolio.service.ClassificacaoRiscoServiceTest" time="0.025"/>
  <testcase name="deveClassificarComoAltoQuandoOrcamentoAcimaDe500000" classname="com.codegroup.portfolio.service.ClassificacaoRiscoServiceTest" time="0.002"/>
  <testcase name="deveClassificarComoMedioQuandoPrazoEntre3E6Meses" classname="com.codegroup.portfolio.service.ClassificacaoRiscoServiceTest" time="0.002"/>
  <testcase name="deveRespeitarLimitesExatos(String, int, String)[1]" classname="com.codegroup.portfolio.service.ClassificacaoRiscoServiceTest" time="0.018"/>
  <testcase name="deveRespeitarLimitesExatos(String, int, String)[2]" classname="com.codegroup.portfolio.service.ClassificacaoRiscoServiceTest" time="0.002"/>
  <testcase name="deveRespeitarLimitesExatos(String, int, String)[3]" classname="com.codegroup.portfolio.service.ClassificacaoRiscoServiceTest" time="0.029"/>
  <testcase name="deveRespeitarLimitesExatos(String, int, String)[4]" classname="com.codegroup.portfolio.service.ClassificacaoRiscoServiceTest" time="0.003"/>
  <testcase name="deveClassificarComoAltoQuandoPrazoSuperiorA6Meses" classname="com.codegroup.portfolio.service.ClassificacaoRiscoServiceTest" time="0.005"/>
  <testcase name="deveClassificarComoBaixoQuandoOrcamentoEPrazoDentroDoLimite" classname="com.codegroup.portfolio.service.ClassificacaoRiscoServiceTest" time="0.003"/>
</testsuite>